

2015-05-06 05:03:24.000000+00:00 => LB API called : RequestLineItemRedemption


2015-05-06 05:03:24.000000+00:00 => LB API called : got Discount239.6%


2015-05-06 05:03:28.000000+00:00 => Created New Coupon for cart:LB_5589


2015-05-06 05:03:29.000000+00:00 => Rendered session user with his LB Points


2015-05-06 05:03:29.000000+00:00 => Rendered redeem point form


2015-05-06 05:14:43.000000+00:00 => Rendered session user with his LB Points


2015-05-06 05:14:43.000000+00:00 => Rendered redeem point form


2015-05-06 05:15:21.000000+00:00 => CALLED STATE API: Status-A Message-Created a new basket


2015-05-06 05:15:25.000000+00:00 => Order processed started


2015-05-06 05:15:29.000000+00:00 => LB API called sendCartFinal(uncommited): RequestLineItemRedemption


2015-05-06 05:15:29.000000+00:00 => LB API called : got Discount 239.6%


2015-05-06 05:16:05.000000+00:00 => LB API called sendCartFinal(commited): RequestLineItemRedemption


2015-05-06 05:16:09.000000+00:00 => Issued loyalty points 239.6.


2015-05-06 05:16:10.000000+00:00 => CALLED STATE API: Status-A Message-Basket updated


2015-05-06 05:16:10.000000+00:00 => End of order processed


2015-05-06 05:17:39.000000+00:00 => Order processed started


2015-05-06 05:18:09.000000+00:00 => Order processed started


2015-05-06 05:18:31.000000+00:00 => Order processed started


2015-05-06 05:18:36.000000+00:00 => LB API called sendCartFinal(uncommited): RequestLineItemRedemption


2015-05-06 05:18:36.000000+00:00 => LB API called : got Discount 239.6%


2015-05-06 05:18:40.000000+00:00 => LB API called sendCartFinal(commited): RequestLineItemRedemption


2015-05-06 05:18:44.000000+00:00 => Issued loyalty points 239.6.


2015-05-06 05:18:45.000000+00:00 => CALLED STATE API: Status-A Message-Created a new basket


2015-05-06 05:18:45.000000+00:00 => End of order processed


2015-05-06 05:23:32.000000+00:00 => LB API called : RequestLineItemRedemption


2015-05-06 05:23:32.000000+00:00 => LB API called : got Discount139.8%


2015-05-06 05:23:36.000000+00:00 => Created New Coupon for cart:LB_3910


2015-05-06 05:23:36.000000+00:00 => Rendered session user with his LB Points


2015-05-06 05:23:36.000000+00:00 => Rendered redeem point form


2015-05-06 05:23:59.000000+00:00 => LB API called : RequestLineItemRedemption


2015-05-06 05:23:59.000000+00:00 => LB API called : got Discount139.8%


2015-05-06 05:24:03.000000+00:00 => Updated Coupon for cart:LB_3910


2015-05-06 05:24:03.000000+00:00 => Rendered session user with his LB Points


2015-05-06 05:24:03.000000+00:00 => Rendered redeem point form


2015-05-06 05:24:14.000000+00:00 => LB API called : RequestLineItemRedemption


2015-05-06 05:24:14.000000+00:00 => LB API called : got Discount139.8%


2015-05-06 05:24:18.000000+00:00 => Updated Coupon for cart:LB_3910


2015-05-06 05:24:18.000000+00:00 => Rendered session user with his LB Points


2015-05-06 05:24:18.000000+00:00 => Rendered redeem point form


2015-05-06 05:24:37.000000+00:00 => LB API called : RequestLineItemRedemption


2015-05-06 05:24:37.000000+00:00 => LB API called : got Discount139.8%


2015-05-06 05:24:42.000000+00:00 => Updated Coupon for cart:LB_3910


2015-05-06 05:24:42.000000+00:00 => Rendered session user with his LB Points


2015-05-06 05:24:42.000000+00:00 => Rendered redeem point form


2015-05-06 05:24:59.000000+00:00 => Rendered session user with his LB Points


2015-05-06 05:24:59.000000+00:00 => Rendered redeem point form


2015-05-06 05:25:07.000000+00:00 => CALLED STATE API: Status-A Message-Created a new basket


2015-05-06 05:25:11.000000+00:00 => Order processed started


2015-05-06 05:25:16.000000+00:00 => LB API called sendCartFinal(uncommited): RequestLineItemRedemption


2015-05-06 05:25:16.000000+00:00 => LB API called : got Discount 139.8%


2015-05-06 05:25:20.000000+00:00 => LB API called sendCartFinal(commited): RequestLineItemRedemption


2015-05-06 05:25:25.000000+00:00 => Issued loyalty points 139.8.


2015-05-06 05:25:25.000000+00:00 => CALLED STATE API: Status-A Message-Basket updated


2015-05-06 05:25:25.000000+00:00 => End of order processed


2015-05-06 05:37:54.000000+00:00 => LB API called : RequestLineItemRedemption


2015-05-06 05:37:54.000000+00:00 => LB API called : got Discount239.6%


2015-05-06 05:37:59.000000+00:00 => Created New Coupon for cart:LB_7214


2015-05-06 05:37:59.000000+00:00 => Rendered session user with his LB Points


2015-05-06 05:37:59.000000+00:00 => Rendered redeem point form


2015-05-06 05:38:36.000000+00:00 => LB API called : RequestLineItemRedemption


2015-05-06 05:38:36.000000+00:00 => LB API called : got Discount239.6%


2015-05-06 05:38:40.000000+00:00 => Updated Coupon for cart:LB_7214


2015-05-06 05:38:40.000000+00:00 => Rendered session user with his LB Points


2015-05-06 05:38:40.000000+00:00 => Rendered redeem point form


2015-05-06 05:40:23.000000+00:00 => Rendered session user with his LB Points


2015-05-06 05:40:23.000000+00:00 => Rendered redeem point form


2015-05-06 05:41:03.000000+00:00 => CALLED STATE API: Status-A Message-Created a new basket


2015-05-06 05:41:34.000000+00:00 => Order processed started


2015-05-06 05:41:38.000000+00:00 => LB API called sendCartFinal(uncommited): RequestLineItemRedemption


2015-05-06 05:41:38.000000+00:00 => LB API called : got Discount 239.6%


2015-05-06 05:41:43.000000+00:00 => LB API called sendCartFinal(commited): RequestLineItemRedemption


2015-05-06 05:41:47.000000+00:00 => Issued loyalty points 239.6.


2015-05-06 05:41:47.000000+00:00 => CALLED STATE API: Status-A Message-Basket updated


2015-05-06 05:41:47.000000+00:00 => End of order processed


2015-05-06 06:10:21.000000+00:00 => LB API called : RequestLineItemRedemption


2015-05-06 06:10:21.000000+00:00 => LB API called : got Discount99.8%


2015-05-06 06:10:25.000000+00:00 => Created New Coupon for cart:LB_5239


2015-05-06 06:10:25.000000+00:00 => Rendered session user with his LB Points


2015-05-06 06:10:25.000000+00:00 => Rendered redeem point form


2015-05-06 06:10:31.000000+00:00 => Rendered session user with his LB Points


2015-05-06 06:10:31.000000+00:00 => Rendered redeem point form


2015-05-06 06:10:51.000000+00:00 => CALLED STATE API: Status-A Message-Created a new basket


2015-05-06 06:10:55.000000+00:00 => Order processed started


2015-05-06 06:11:00.000000+00:00 => LB API called sendCartFinal(uncommited): RequestLineItemRedemption


2015-05-06 06:11:00.000000+00:00 => LB API called : got Discount 99.8%


2015-05-06 06:11:03.000000+00:00 => LB API called sendCartFinal(commited): RequestLineItemRedemption


2015-05-06 06:11:08.000000+00:00 => Issued loyalty points 99.8.


2015-05-06 06:11:08.000000+00:00 => CALLED STATE API: Status-A Message-Basket updated


2015-05-06 06:11:08.000000+00:00 => End of order processed


2015-05-06 06:55:19.000000+00:00 => CALLED STATE API: Status- Message-


2015-05-06 07:28:21.000000+00:00 => Order already processed. order id: 323


2015-05-06 07:28:46.000000+00:00 => Order already processed. order id: 323


2015-05-06 07:32:00.000000+00:00 => LB API called : RequestLineItemRedemption


2015-05-06 07:32:00.000000+00:00 => LB API called : got Discount24.044%


2015-05-06 07:32:05.000000+00:00 => Created New Coupon for cart:LB_4147


2015-05-06 07:32:05.000000+00:00 => Rendered session user with his LB Points


2015-05-06 07:32:05.000000+00:00 => Rendered redeem point form


2015-05-06 09:32:40.000000+00:00 => Rendered session user with his LB Points


2015-05-06 09:32:40.000000+00:00 => Rendered redeem point form


2015-05-06 09:32:45.000000+00:00 => Rendered session user with his LB Points


2015-05-06 09:32:45.000000+00:00 => Rendered redeem point form


2015-05-06 09:33:18.000000+00:00 => Rendered session user with his LB Points


2015-05-06 09:33:18.000000+00:00 => Rendered redeem point form


2015-05-06 09:33:26.000000+00:00 => CALLED STATE API: Status-A Message-Created a new basket


2015-05-06 09:33:30.000000+00:00 => Order process after checkout started order id: 325


2015-05-06 09:33:30.000000+00:00 => Order processed started


2015-05-06 09:33:42.000000+00:00 => LB API called sendCartFinal(uncommited): RequestLineItemRedemption


2015-05-06 09:33:42.000000+00:00 => LB API called : got Discount 24.044%


2015-05-06 09:33:49.000000+00:00 => LB API called sendCartFinal(commited): RequestLineItemRedemption


2015-05-06 09:33:54.000000+00:00 => Issued loyalty points 24.044.


2015-05-06 09:33:54.000000+00:00 => CALLED STATE API: Status-A Message-Basket updated


2015-05-06 09:33:54.000000+00:00 => End of order processed


2015-05-06 09:34:55.000000+00:00 => LB API called : RequestLineItemRedemption


2015-05-06 09:34:55.000000+00:00 => LB API called : got Discount139.8%


2015-05-06 09:35:00.000000+00:00 => Created New Coupon for cart:LB_4054


2015-05-06 09:35:00.000000+00:00 => Rendered session user with his LB Points


2015-05-06 09:35:00.000000+00:00 => Rendered redeem point form


2015-05-06 09:35:29.000000+00:00 => Rendered session user with his LB Points


2015-05-06 09:35:29.000000+00:00 => Rendered redeem point form


2015-05-06 09:35:37.000000+00:00 => CALLED STATE API: Status-A Message-Created a new basket


2015-05-06 09:35:41.000000+00:00 => Order process after checkout started order id: 327


2015-05-06 09:35:41.000000+00:00 => Order processed started


2015-05-06 09:35:46.000000+00:00 => LB API called sendCartFinal(uncommited): RequestLineItemRedemption


2015-05-06 09:35:46.000000+00:00 => LB API called : got Discount 139.8%


2015-05-06 09:35:51.000000+00:00 => LB API called sendCartFinal(commited): RequestLineItemRedemption


2015-05-06 09:35:55.000000+00:00 => Issued loyalty points 139.8.


2015-05-06 09:35:56.000000+00:00 => CALLED STATE API: Status-A Message-Basket updated


2015-05-06 09:35:56.000000+00:00 => End of order processed


2015-05-06 09:36:48.000000+00:00 => LB API called : RequestLineItemRedemption


2015-05-06 09:36:48.000000+00:00 => LB API called : got Discount99.8%


2015-05-06 09:36:52.000000+00:00 => Created New Coupon for cart:LB_6216


2015-05-06 09:36:52.000000+00:00 => Rendered session user with his LB Points


2015-05-06 09:36:52.000000+00:00 => Rendered redeem point form


2015-05-06 09:37:16.000000+00:00 => LB API called : RequestLineItemRedemption


2015-05-06 09:37:16.000000+00:00 => Rendered session user with his LB Points


2015-05-06 09:37:36.000000+00:00 => LB API called : RequestLineItemRedemption


2015-05-06 09:37:36.000000+00:00 => Rendered session user with his LB Points


2015-05-06 09:43:07.000000+00:00 => Rendered session user with his LB Points


2015-05-06 09:43:19.000000+00:00 => Rendered Connect with Loyalty Box button


2015-05-06 09:44:21.000000+00:00 => LB API called : RequestLineItemRedemption


2015-05-06 09:44:21.000000+00:00 => LB API called : got Discount99.8%


2015-05-06 09:44:38.000000+00:00 => Created New Coupon for cart:LB_2585


2015-05-06 09:44:38.000000+00:00 => Rendered session user with his LB Points


2015-05-06 09:44:38.000000+00:00 => Rendered redeem point form


2015-05-06 09:48:04.000000+00:00 => Rendered Connect with Loyalty Box button


2015-05-06 09:48:28.000000+00:00 => LB API called : RequestLineItemRedemption


2015-05-06 09:48:28.000000+00:00 => LB API called : got Discount99.8%


2015-05-06 09:48:32.000000+00:00 => Created New Coupon for cart:LB_7309


2015-05-06 09:48:33.000000+00:00 => Rendered session user with his LB Points


2015-05-06 09:48:33.000000+00:00 => Rendered redeem point form


2015-05-06 10:02:53.000000+00:00 => Rendered Connect with Loyalty Box button


2015-05-06 10:03:43.000000+00:00 => LB API Called : UpdateClient to register new user


2015-05-06 10:03:43.000000+00:00 => Response : Invalid Account Details


2015-05-06 10:03:49.000000+00:00 => LB API Called : Inquiry - to enroll new user


2015-05-06 10:03:54.000000+00:00 => LB API Called : UpdateClient - to enroll new user


2015-05-06 10:03:56.000000+00:00 => Rendered Connect with Loyalty Box button


2015-05-06 10:04:13.000000+00:00 => Rendered Connect with Loyalty Box button


2015-05-06 10:08:09.000000+00:00 => Rendered Connect with Loyalty Box button


2015-05-06 10:08:44.000000+00:00 => LB API Called : UpdateClient to register new user


2015-05-06 10:08:44.000000+00:00 => Response : Invalid Account Details


2015-05-06 10:08:50.000000+00:00 => LB API Called : Inquiry - to enroll new user


2015-05-06 10:08:54.000000+00:00 => LB API Called : UpdateClient - to enroll new user


2015-05-06 10:09:00.000000+00:00 => LB API called : RequestLineItemRedemption


2015-05-06 10:09:00.000000+00:00 => LB API called : got Discount99.8%


2015-05-06 10:09:05.000000+00:00 => Created New Coupon for cart:LB_6744


2015-05-06 10:09:05.000000+00:00 => Rendered session user with his LB Points


2015-05-06 10:13:16.000000+00:00 => Rendered Connect with Loyalty Box button


2015-05-06 10:13:41.000000+00:00 => LB API called : RequestLineItemRedemption


2015-05-06 10:13:41.000000+00:00 => LB API called : got Discount99.8%


2015-05-06 10:13:46.000000+00:00 => Created New Coupon for cart:LB_4195


2015-05-06 10:13:46.000000+00:00 => Rendered session user with his LB Points


2015-05-06 10:13:46.000000+00:00 => Rendered redeem point form


2015-05-06 10:23:41.000000+00:00 => Rendered Connect with Loyalty Box button


2015-05-06 10:24:07.000000+00:00 => LB API called : RequestLineItemRedemption


2015-05-06 10:24:07.000000+00:00 => LB API called : got Discount99.8%


2015-05-06 10:24:12.000000+00:00 => Created New Coupon for cart:LB_8188


2015-05-06 10:24:12.000000+00:00 => Rendered session user with his LB Points


2015-05-06 10:24:12.000000+00:00 => Rendered redeem point form


2015-05-06 10:25:26.000000+00:00 => Rendered Connect with Loyalty Box button


2015-05-06 10:25:49.000000+00:00 => LB API called : RequestLineItemRedemption


2015-05-06 10:25:49.000000+00:00 => LB API called : got Discount99.8%


2015-05-06 10:25:54.000000+00:00 => Created New Coupon for cart:LB_4394


2015-05-06 10:25:54.000000+00:00 => Rendered session user with his LB Points


2015-05-06 10:25:54.000000+00:00 => Rendered redeem point form


2015-05-06 10:29:51.000000+00:00 => Rendered Connect with Loyalty Box button


2015-05-06 10:30:20.000000+00:00 => LB API called : RequestLineItemRedemption


2015-05-06 10:30:20.000000+00:00 => LB API called : got Discount99.8%


2015-05-06 10:30:25.000000+00:00 => Created New Coupon for cart:LB_6824


2015-05-06 10:30:25.000000+00:00 => Rendered session user with his LB Points


2015-05-06 10:30:25.000000+00:00 => Rendered redeem point form


2015-05-06 10:33:01.000000+00:00 => Rendered Connect with Loyalty Box button


2015-05-06 10:33:30.000000+00:00 => LB API called : RequestLineItemRedemption


2015-05-06 10:33:30.000000+00:00 => LB API called : got Discount99.8%


2015-05-06 10:33:37.000000+00:00 => Created New Coupon for cart:LB_1264


2015-05-06 10:33:37.000000+00:00 => Rendered session user with his LB Points


2015-05-06 10:33:37.000000+00:00 => Rendered redeem point form


2015-05-06 12:20:24.000000+00:00 => Rendered session user with his LB Points


2015-05-06 12:20:24.000000+00:00 => Rendered redeem point form


2015-05-06 12:21:13.000000+00:00 => Rendered session user with his LB Points


2015-05-06 12:21:13.000000+00:00 => Rendered redeem point form


2015-05-06 12:21:23.000000+00:00 => Rendered Connect with Loyalty Box button


2015-05-06 12:22:34.000000+00:00 => Rendered Connect with Loyalty Box button


2015-05-06 12:30:06.000000+00:00 => Rendered Connect with Loyalty Box button


2015-05-06 12:38:39.000000+00:00 => Rendered Connect with Loyalty Box button


2015-05-06 12:46:58.000000+00:00 => Rendered Connect with Loyalty Box button


2015-05-06 12:58:16.000000+00:00 => LB API called : RequestLineItemRedemption


2015-05-06 12:58:16.000000+00:00 => LB API called : got Discount99.8%


2015-05-06 12:58:20.000000+00:00 => Created New Coupon for cart:LB_6040


2015-05-06 12:58:21.000000+00:00 => Rendered session user with his LB Points


2015-05-06 12:58:21.000000+00:00 => Rendered redeem point form


2015-05-07 10:59:51.000000+00:00 => Rendered Connect with Loyalty Box button


2015-05-07 11:00:12.000000+00:00 => Rendered Connect with Loyalty Box button


2015-05-07 11:00:46.000000+00:00 => Rendered Connect with Loyalty Box button


2015-05-07 11:05:05.000000+00:00 => Rendered Connect with Loyalty Box button


2015-05-07 11:06:46.000000+00:00 => Rendered Connect with Loyalty Box button


2015-05-07 11:07:00.000000+00:00 => Rendered Connect with Loyalty Box button


2015-05-07 11:07:29.000000+00:00 => Rendered Connect with Loyalty Box button


2015-05-07 11:10:38.000000+00:00 => LB API called : RequestLineItemRedemption


2015-05-07 11:10:38.000000+00:00 => LB API called : got Discount139.8%


2015-05-07 11:10:42.000000+00:00 => Created New Coupon for cart:LB_4039


2015-05-07 11:10:42.000000+00:00 => Rendered session user with his LB Points


2015-05-07 11:10:42.000000+00:00 => Rendered redeem point form


2015-05-07 11:11:45.000000+00:00 => Rendered Connect with Loyalty Box button


2015-05-07 11:17:39.000000+00:00 => LB API called : RequestLineItemRedemption


2015-05-07 11:17:39.000000+00:00 => LB API called : got Discount139.8%


2015-05-07 11:17:43.000000+00:00 => Created New Coupon for cart:LB_6216


2015-05-07 11:17:43.000000+00:00 => Rendered session user with his LB Points


2015-05-07 11:17:43.000000+00:00 => Rendered redeem point form


2015-05-07 11:18:00.000000+00:00 => LB API called : Inquiry to check Points Balance


2015-05-07 11:18:04.000000+00:00 => LB API called : UpdateSale


2015-05-07 11:18:04.000000+00:00 => LB API called : redeem points 15


2015-05-07 11:18:04.000000+00:00 => Created New Coupon for redeem LB Points:R_15_1430997484


2015-05-07 11:18:05.000000+00:00 => CALLED STATE API: Status-A Message-Created a new basket


2015-05-07 11:18:08.000000+00:00 => Rendered session user with his LB Points


2015-05-07 11:18:08.000000+00:00 => Rendered redeem point form


2015-05-07 11:18:27.000000+00:00 => Rendered Connect with Loyalty Box button


2015-05-07 11:18:34.000000+00:00 => Rendered Connect with Loyalty Box button


2015-05-07 11:19:33.000000+00:00 => Rendered Connect with Loyalty Box button


2015-05-07 11:26:38.000000+00:00 => Rendered Connect with Loyalty Box button


2015-05-07 11:26:45.000000+00:00 => Rendered Connect with Loyalty Box button


2015-05-07 11:26:51.000000+00:00 => Rendered Connect with Loyalty Box button


2015-05-07 11:26:59.000000+00:00 => Rendered Connect with Loyalty Box button


2015-05-07 12:11:23.000000+00:00 => Rendered Connect with Loyalty Box button


2015-05-07 12:18:10.000000+00:00 => LB API called : RequestLineItemRedemption


2015-05-07 12:18:10.000000+00:00 => LB API called : got Discount99.8%


2015-05-07 12:18:10.000000+00:00 => Created New Coupon for cart:LB_2714


2015-05-07 12:18:10.000000+00:00 => Rendered session user with his LB Points


2015-05-07 12:18:10.000000+00:00 => Rendered redeem point form


2015-05-07 12:20:55.000000+00:00 => LB API called : RequestLineItemRedemption


2015-05-07 12:20:55.000000+00:00 => LB API called : got Discount11.045%


2015-05-07 12:20:55.000000+00:00 => Updated Coupon for cart:LB_2714


2015-05-07 12:20:55.000000+00:00 => Rendered session user with his LB Points


2015-05-07 12:20:55.000000+00:00 => Rendered redeem point form


2015-05-07 12:21:06.000000+00:00 => Rendered Connect with Loyalty Box button


2015-05-07 12:21:32.000000+00:00 => LB API called : RequestLineItemRedemption


2015-05-07 12:21:32.000000+00:00 => LB API called : got Discount11.045%


2015-05-07 12:21:32.000000+00:00 => Created New Coupon for cart:LB_7044


2015-05-07 12:21:32.000000+00:00 => Rendered session user with his LB Points


2015-05-07 12:21:32.000000+00:00 => Rendered redeem point form


2015-05-07 12:21:51.000000+00:00 => Rendered Connect with Loyalty Box button


2015-05-07 12:22:11.000000+00:00 => Rendered Connect with Loyalty Box button


2015-05-07 12:23:29.000000+00:00 => LB API called : RequestLineItemRedemption


2015-05-07 12:23:29.000000+00:00 => LB API called : got Discount139.8%


2015-05-07 12:23:29.000000+00:00 => Created New Coupon for cart:LB_1520


2015-05-07 12:23:29.000000+00:00 => Rendered session user with his LB Points


2015-05-07 12:23:29.000000+00:00 => Rendered redeem point form


2015-05-07 12:23:37.000000+00:00 => Rendered session user with his LB Points


2015-05-07 12:23:37.000000+00:00 => Rendered redeem point form


2015-05-07 12:24:07.000000+00:00 => CALLED STATE API: Status-A Message-Created a new basket


2015-05-07 12:24:13.000000+00:00 => Order process after checkout started order id: 344


2015-05-07 12:24:13.000000+00:00 => Order processed started


2015-05-07 12:24:17.000000+00:00 => LB API called sendCartFinal(commited): RequestLineItemRedemption


2015-05-07 12:24:17.000000+00:00 => LB API called : got Discount 0%


2015-05-07 12:24:17.000000+00:00 => End of order processed


2015-05-07 13:04:28.000000+00:00 => Order process after checkout started order id: 344


2015-05-07 13:04:28.000000+00:00 => Order processed started


2015-05-07 13:04:32.000000+00:00 => LB API called sendCartFinal(commited): RequestLineItemRedemption


2015-05-07 13:04:32.000000+00:00 => LB API called : got Discount 0%


2015-05-07 13:04:32.000000+00:00 => End of order processed


2015-05-07 13:04:47.000000+00:00 => LB API called : RequestLineItemRedemption


2015-05-07 13:04:47.000000+00:00 => LB API called : got Discount24.044%


2015-05-07 13:04:47.000000+00:00 => Updated Coupon for cart:LB_1520


2015-05-07 13:04:47.000000+00:00 => Rendered session user with his LB Points


2015-05-07 13:04:47.000000+00:00 => Rendered redeem point form


2015-05-07 13:05:56.000000+00:00 => Rendered session user with his LB Points


2015-05-07 13:05:56.000000+00:00 => Rendered redeem point form


2015-05-07 13:06:09.000000+00:00 => CALLED STATE API: Status-A Message-Created a new basket


2015-05-07 13:06:14.000000+00:00 => Order process after checkout started order id: 345


2015-05-07 13:06:14.000000+00:00 => Order processed started


2015-05-07 13:06:18.000000+00:00 => LB API called sendCartFinal(commited): RequestLineItemRedemption


2015-05-07 13:06:18.000000+00:00 => LB API called : got Discount 0%


2015-05-07 13:06:18.000000+00:00 => End of order processed


2015-05-08 04:19:05.000000+00:00 => Rendered Connect with Loyalty Box button


2015-05-08 04:33:04.000000+00:00 => Rendered Connect with Loyalty Box button


2015-05-08 04:35:49.000000+00:00 => LB API called : RequestLineItemRedemption


2015-05-08 04:35:49.000000+00:00 => LB API called : got Discount12.999%


2015-05-08 04:35:49.000000+00:00 => Created New Coupon for cart:LB_3246


2015-05-08 04:35:49.000000+00:00 => Rendered session user with his LB Points


2015-05-08 04:35:49.000000+00:00 => Rendered redeem point form


2015-05-08 04:36:03.000000+00:00 => Rendered session user with his LB Points


2015-05-08 04:36:03.000000+00:00 => Rendered redeem point form


2015-05-08 04:36:30.000000+00:00 => CALLED STATE API: Status-A Message-Created a new basket


2015-05-08 04:36:34.000000+00:00 => Order process after checkout started order id: 347


2015-05-08 04:36:34.000000+00:00 => Order processed started


2015-05-08 04:36:39.000000+00:00 => LB API called sendCartFinal(commited): RequestLineItemRedemption


2015-05-08 04:36:39.000000+00:00 => LB API called : got Discount 0%


2015-05-08 04:36:39.000000+00:00 => End of order processed


2015-05-08 04:52:39.000000+00:00 => Order process after checkout started order id: 347


2015-05-08 04:52:39.000000+00:00 => Order processed started


2015-05-08 04:52:44.000000+00:00 => LB API called sendCartFinal(commited): RequestLineItemRedemption


2015-05-08 04:52:44.000000+00:00 => LB API called : got Discount 12.999%


2015-05-08 04:52:48.000000+00:00 => LB API called sendCartFinal(commited): RequestLineItemRedemption


2015-05-08 04:52:52.000000+00:00 => Issued loyalty points 12.999.


2015-05-08 04:52:52.000000+00:00 => CALLED STATE API: Status-A Message-Created a new basket


2015-05-08 04:52:52.000000+00:00 => End of order processed


2015-05-08 04:55:28.000000+00:00 => Order process after checkout started order id: 347


2015-05-08 04:55:29.000000+00:00 => Order processed started


2015-05-08 04:55:33.000000+00:00 => LB API called sendCartFinal(commited): RequestLineItemRedemption


2015-05-08 04:55:33.000000+00:00 => LB API called : got Discount 12.999%


2015-05-08 04:55:37.000000+00:00 => LB API called sendCartFinal(commited): RequestLineItemRedemption


2015-05-08 04:55:43.000000+00:00 => Issued loyalty points 12.999.


2015-05-08 04:55:43.000000+00:00 => CALLED STATE API: Status-A Message-Created a new basket


2015-05-08 04:55:43.000000+00:00 => End of order processed


2015-05-08 04:56:09.000000+00:00 => Order process after checkout started order id: 347


2015-05-08 04:56:09.000000+00:00 => Order processed started


2015-05-08 04:56:13.000000+00:00 => LB API called sendCartFinal(commited): RequestLineItemRedemption


2015-05-08 04:56:13.000000+00:00 => LB API called : got Discount 12.999%


2015-05-08 04:56:18.000000+00:00 => LB API called sendCartFinal(commited): RequestLineItemRedemption


2015-05-08 04:56:22.000000+00:00 => Issued loyalty points 12.999.


2015-05-08 04:56:22.000000+00:00 => CALLED STATE API: Status- Message-


2015-05-08 04:56:22.000000+00:00 => End of order processed


2015-05-08 05:10:43.000000+00:00 => LB API called : RequestLineItemRedemption


2015-05-08 05:10:43.000000+00:00 => LB API called : got Discount99.8%


2015-05-08 05:10:43.000000+00:00 => Created New Coupon for cart:LB_3289


2015-05-08 05:10:43.000000+00:00 => Rendered session user with his LB Points


2015-05-08 05:10:43.000000+00:00 => Rendered redeem point form


2015-05-08 05:11:57.000000+00:00 => LB API called : RequestLineItemRedemption


2015-05-08 05:11:57.000000+00:00 => LB API called : got Discount199.6%


2015-05-08 05:11:57.000000+00:00 => Updated Coupon for cart:LB_3289


2015-05-08 05:11:57.000000+00:00 => Rendered session user with his LB Points


2015-05-08 05:11:57.000000+00:00 => Rendered redeem point form


2015-05-08 05:12:29.000000+00:00 => Rendered session user with his LB Points


2015-05-08 05:12:29.000000+00:00 => Rendered redeem point form


2015-05-08 05:12:40.000000+00:00 => CALLED STATE API: Status-A Message-Created a new basket


2015-05-08 05:14:09.000000+00:00 => Order process after checkout started order id: 349


2015-05-08 05:14:09.000000+00:00 => Order processed started


2015-05-08 05:14:13.000000+00:00 => LB API called sendCartFinal(commited): RequestLineItemRedemption


2015-05-08 05:14:13.000000+00:00 => LB API called : got Discount 399.2%


2015-05-08 05:14:18.000000+00:00 => LB API called sendCartFinal(commited): RequestLineItemRedemption


2015-05-08 05:14:22.000000+00:00 => Issued loyalty points 399.2.


2015-05-08 05:14:22.000000+00:00 => CALLED STATE API: Status-A Message-Basket updated


2015-05-08 05:14:22.000000+00:00 => End of order processed


2015-05-08 05:18:09.000000+00:00 => Order already processed. order id: 349


2015-05-08 05:19:32.000000+00:00 => LB API called : RequestLineItemRedemption


2015-05-08 05:19:32.000000+00:00 => LB API called : got Discount99.8%


2015-05-08 05:19:32.000000+00:00 => Created New Coupon for cart:LB_2780


2015-05-08 05:19:32.000000+00:00 => Rendered session user with his LB Points


2015-05-08 05:19:32.000000+00:00 => Rendered redeem point form


2015-05-08 05:19:37.000000+00:00 => Rendered session user with his LB Points


2015-05-08 05:19:37.000000+00:00 => Rendered redeem point form


2015-05-08 05:19:44.000000+00:00 => CALLED STATE API: Status-A Message-Created a new basket


2015-05-08 05:19:49.000000+00:00 => Order process after checkout started order id: 351


2015-05-08 05:19:49.000000+00:00 => Order processed started


2015-05-08 05:19:53.000000+00:00 => LB API called sendCartFinal(commited): RequestLineItemRedemption


2015-05-08 05:19:53.000000+00:00 => LB API called : got Discount 99.8%


2015-05-08 05:19:57.000000+00:00 => LB API called sendCartFinal(commited): RequestLineItemRedemption


2015-05-08 05:20:01.000000+00:00 => Issued loyalty points 99.8.


2015-05-08 05:20:02.000000+00:00 => CALLED STATE API: Status-A Message-Basket updated


2015-05-08 05:20:02.000000+00:00 => End of order processed


2015-05-08 05:21:47.000000+00:00 => LB API called : RequestLineItemRedemption


2015-05-08 05:21:47.000000+00:00 => LB API called : got Discount239.6%


2015-05-08 05:21:47.000000+00:00 => Created New Coupon for cart:LB_6035


2015-05-08 05:21:47.000000+00:00 => Rendered session user with his LB Points


2015-05-08 05:21:47.000000+00:00 => Rendered redeem point form


2015-05-08 05:22:20.000000+00:00 => LB API called : Inquiry to check Points Balance


2015-05-08 05:22:24.000000+00:00 => LB API called : UpdateSale


2015-05-08 05:22:24.000000+00:00 => LB API called : redeem points 100


2015-05-08 05:22:24.000000+00:00 => Created New Coupon for redeem LB Points:R_100_1431062544


2015-05-08 05:22:24.000000+00:00 => CALLED STATE API: Status-A Message-Created a new basket


2015-05-08 05:22:27.000000+00:00 => Rendered session user with his LB Points


2015-05-08 05:22:27.000000+00:00 => Rendered redeem point form


2015-05-08 05:23:01.000000+00:00 => Rendered session user with his LB Points


2015-05-08 05:23:01.000000+00:00 => Rendered redeem point form


2015-05-08 05:23:21.000000+00:00 => CALLED STATE API: Status-A Message-Basket updated


2015-05-08 05:23:28.000000+00:00 => Order process after checkout started order id: 354


2015-05-08 05:23:28.000000+00:00 => Order processed started


2015-05-08 05:23:32.000000+00:00 => LB API called sendCartFinal(commited): RequestLineItemRedemption


2015-05-08 05:23:32.000000+00:00 => LB API called : got Discount 239.6%


2015-05-08 05:23:37.000000+00:00 => LB API called sendCartFinal(commited): RequestLineItemRedemption


2015-05-08 05:23:41.000000+00:00 => Issued loyalty points 239.6.


2015-05-08 05:23:41.000000+00:00 => CALLED STATE API: Status-A Message-Basket updated


2015-05-08 05:23:41.000000+00:00 => End of order processed


2015-05-08 05:49:05.000000+00:00 => LB API called : RequestLineItemRedemption


2015-05-08 05:49:05.000000+00:00 => LB API called : got Discount139.8%


2015-05-08 05:49:05.000000+00:00 => Created New Coupon for cart:LB_8183


2015-05-08 05:49:05.000000+00:00 => Rendered session user with his LB Points


2015-05-08 05:49:05.000000+00:00 => Rendered redeem point form


2015-05-08 05:49:44.000000+00:00 => Rendered session user with his LB Points


2015-05-08 05:49:44.000000+00:00 => Rendered redeem point form


2015-05-08 05:49:54.000000+00:00 => CALLED STATE API: Status-A Message-Created a new basket


2015-05-08 05:49:59.000000+00:00 => Order process after checkout started order id: 356


2015-05-08 05:49:59.000000+00:00 => Order processed started


2015-05-08 05:50:03.000000+00:00 => LB API called sendCartFinal(commited): RequestLineItemRedemption


2015-05-08 05:50:03.000000+00:00 => LB API called : got Discount 139.8%


2015-05-08 05:50:07.000000+00:00 => LB API called sendCartFinal(commited): RequestLineItemRedemption


2015-05-08 05:50:12.000000+00:00 => Issued loyalty points 139.8.


2015-05-08 05:50:12.000000+00:00 => CALLED STATE API: Status-A Message-Basket updated


2015-05-08 05:50:12.000000+00:00 => End of order processed


2015-05-08 05:52:31.000000+00:00 => LB API called : RequestLineItemRedemption


2015-05-08 05:52:31.000000+00:00 => LB API called : got Discount139.8%


2015-05-08 05:52:31.000000+00:00 => Created New Coupon for cart:LB_9833


2015-05-08 05:52:31.000000+00:00 => Rendered session user with his LB Points


2015-05-08 05:52:31.000000+00:00 => Rendered redeem point form


2015-05-08 05:53:15.000000+00:00 => Rendered session user with his LB Points


2015-05-08 05:53:15.000000+00:00 => Rendered redeem point form


2015-05-08 05:53:52.000000+00:00 => LB API called : RequestLineItemRedemption


2015-05-08 05:53:52.000000+00:00 => LB API called : got Discount99.8%


2015-05-08 05:53:52.000000+00:00 => Updated Coupon for cart:LB_9833


2015-05-08 05:53:52.000000+00:00 => Rendered session user with his LB Points


2015-05-08 05:53:52.000000+00:00 => Rendered redeem point form


2015-05-08 05:54:26.000000+00:00 => Rendered session user with his LB Points


2015-05-08 05:54:26.000000+00:00 => Rendered redeem point form


2015-05-08 05:54:56.000000+00:00 => CALLED STATE API: Status-A Message-Created a new basket


2015-05-08 05:55:01.000000+00:00 => Order process after checkout started order id: 358


2015-05-08 05:55:01.000000+00:00 => Order processed started


2015-05-08 05:55:06.000000+00:00 => LB API called sendCartFinal(commited): RequestLineItemRedemption


2015-05-08 05:55:06.000000+00:00 => LB API called : got Discount 99.8%


2015-05-08 05:55:10.000000+00:00 => LB API called sendCartFinal(commited): RequestLineItemRedemption


2015-05-08 05:55:15.000000+00:00 => Issued loyalty points 99.8.


2015-05-08 05:55:15.000000+00:00 => CALLED STATE API: Status-A Message-Basket updated


2015-05-08 05:55:15.000000+00:00 => End of order processed


2015-05-08 06:15:13.000000+00:00 => LB API called : RequestLineItemRedemption


2015-05-08 06:15:13.000000+00:00 => LB API called : got Discount139.8%


2015-05-08 06:15:13.000000+00:00 => Created New Coupon for cart:LB_2693


2015-05-08 06:15:13.000000+00:00 => Rendered session user with his LB Points


2015-05-08 06:15:13.000000+00:00 => Rendered redeem point form


2015-05-08 06:15:33.000000+00:00 => Rendered session user with his LB Points


2015-05-08 06:15:33.000000+00:00 => Rendered redeem point form


2015-05-08 06:15:45.000000+00:00 => CALLED STATE API: Status-A Message-Created a new basket


2015-05-08 06:15:50.000000+00:00 => Order process after checkout started order id: 360


2015-05-08 06:15:50.000000+00:00 => Order processed started


2015-05-08 06:15:54.000000+00:00 => LB API called sendCartFinal(commited): RequestLineItemRedemption


2015-05-08 06:15:54.000000+00:00 => LB API called : got Discount 139.8%


2015-05-08 06:15:58.000000+00:00 => LB API called sendCartFinal(commited): RequestLineItemRedemption


2015-05-08 06:16:03.000000+00:00 => Issued loyalty points 139.8.


2015-05-08 06:16:03.000000+00:00 => CALLED STATE API: Status-A Message-Basket updated


2015-05-08 06:16:03.000000+00:00 => End of order processed


2015-05-08 06:32:48.000000+00:00 => Order process after checkout started order id: 360


2015-05-08 06:32:48.000000+00:00 => Order processed started


2015-05-08 06:32:52.000000+00:00 => LB API called sendCartFinal(commited): RequestLineItemRedemption


2015-05-08 06:32:52.000000+00:00 => LB API called : got Discount 139.8%


2015-05-08 06:32:58.000000+00:00 => LB API called sendCartFinal(commited): RequestLineItemRedemption


2015-05-08 06:33:02.000000+00:00 => Issued loyalty points 139.8.


2015-05-08 06:33:03.000000+00:00 => CALLED STATE API: Status- Message-


2015-05-08 06:33:03.000000+00:00 => End of order processed


2015-05-08 06:33:04.000000+00:00 => Order process after checkout started order id: 360


2015-05-08 06:33:04.000000+00:00 => Order processed started


2015-05-08 06:33:09.000000+00:00 => LB API called sendCartFinal(commited): RequestLineItemRedemption


2015-05-08 06:33:09.000000+00:00 => LB API called : got Discount 139.8%


2015-05-08 06:33:13.000000+00:00 => LB API called sendCartFinal(commited): RequestLineItemRedemption


2015-05-08 06:33:17.000000+00:00 => Issued loyalty points 139.8.


2015-05-08 06:33:17.000000+00:00 => CALLED STATE API: Status- Message-


2015-05-08 06:33:17.000000+00:00 => End of order processed


2015-05-08 06:33:46.000000+00:00 => Order already processed. order id: 360


2015-05-08 06:40:50.000000+00:00 => Order already processed. order id: 360


2015-05-08 06:41:16.000000+00:00 => LB API called : RequestLineItemRedemption


2015-05-08 06:41:16.000000+00:00 => LB API called : got Discount11.045%


2015-05-08 06:41:16.000000+00:00 => Created New Coupon for cart:LB_4392


2015-05-08 06:41:16.000000+00:00 => Rendered session user with his LB Points


2015-05-08 06:41:16.000000+00:00 => Rendered redeem point form


2015-05-08 06:41:24.000000+00:00 => Rendered session user with his LB Points


2015-05-08 06:41:24.000000+00:00 => Rendered redeem point form


2015-05-08 06:55:29.000000+00:00 => Rendered session user with his LB Points


2015-05-08 06:55:29.000000+00:00 => Rendered redeem point form


2015-05-08 06:56:48.000000+00:00 => CALLED STATE API: Status-A Message-Created a new basket


2015-05-08 06:56:53.000000+00:00 => Order process after checkout started order id: 362


2015-05-08 06:56:53.000000+00:00 => Order processed started


2015-05-08 06:56:58.000000+00:00 => LB API called sendCartFinal(commited): RequestLineItemRedemption


2015-05-08 06:56:58.000000+00:00 => LB API called : got Discount 11.045%


2015-05-08 06:57:02.000000+00:00 => LB API called sendCartFinal(commited): RequestLineItemRedemption


2015-05-08 06:57:06.000000+00:00 => LB API called issuePoints: UpdateSale


2015-05-08 06:57:06.000000+00:00 => Issued Gift Issued 11.045.


2015-05-08 06:57:06.000000+00:00 => Earn loyalty points 1.104.


2015-05-08 06:57:07.000000+00:00 => CALLED STATE API: Status-A Message-Basket updated


2015-05-08 06:57:07.000000+00:00 => End of order processed


2015-05-18 13:40:52.000000+00:00 => Rendered Connect with Loyalty Box button


2015-05-18 13:41:00.000000+00:00 => Rendered Connect with Loyalty Box button


2015-05-18 13:41:24.000000+00:00 => LB API called : RequestLineItemRedemption


2015-05-18 13:41:24.000000+00:00 => LB API called : got Discount12.999%


2015-05-18 13:41:24.000000+00:00 => Created New Coupon for cart:LB_4633


2015-05-18 13:41:24.000000+00:00 => Rendered session user with his LB Points


2015-05-18 13:41:24.000000+00:00 => Rendered redeem point form


2015-05-18 14:04:27.000000+00:00 => Rendered session user with his LB Points


2015-05-18 14:04:27.000000+00:00 => Rendered redeem point form


2015-05-18 14:04:33.000000+00:00 => Rendered session user with his LB Points


2015-05-18 14:04:33.000000+00:00 => Rendered redeem point form


2015-05-18 14:05:17.000000+00:00 => Rendered Connect with Loyalty Box button


2015-05-18 14:05:34.000000+00:00 => LB API called : RequestLineItemRedemption


2015-05-18 14:05:34.000000+00:00 => LB API called : got Discount12.999%


2015-05-18 14:05:34.000000+00:00 => Created New Coupon for cart:LB_7261


2015-05-18 14:05:34.000000+00:00 => Rendered session user with his LB Points


2015-05-18 14:05:34.000000+00:00 => Rendered redeem point form


2015-05-18 14:06:06.000000+00:00 => LB API called : Inquiry to check Points Balance


2015-05-18 14:06:11.000000+00:00 => Rendered session user with his LB Points


2015-05-18 14:06:11.000000+00:00 => Rendered redeem point form


2015-05-18 14:06:29.000000+00:00 => LB API called : Inquiry to check Points Balance


2015-05-18 14:06:29.000000+00:00 => Created New Coupon for redeem LB Points:R_4_1431957989


2015-05-18 14:06:31.000000+00:00 => Rendered session user with his LB Points


2015-05-18 14:06:31.000000+00:00 => Rendered redeem point form


2015-05-18 14:07:49.000000+00:00 => LB API called : Inquiry to check Points Balance


2015-05-18 14:07:49.000000+00:00 => Created New Coupon for redeem LB Points:R_112_1431958069


2015-05-18 14:07:52.000000+00:00 => Rendered session user with his LB Points


2015-05-18 14:07:52.000000+00:00 => Rendered redeem point form


2015-05-18 14:08:23.000000+00:00 => LB API called : Inquiry to check Points Balance


2015-05-18 14:08:58.000000+00:00 => LB API called : Inquiry to check Points Balance


2015-05-19 05:41:41.000000+00:00 => Rendered Connect with Loyalty Box button


2015-05-19 05:41:59.000000+00:00 => Rendered Connect with Loyalty Box button


2015-05-19 05:42:59.000000+00:00 => LB API called : RequestLineItemRedemption


2015-05-19 05:42:59.000000+00:00 => LB API called : got Discount24.044%


2015-05-19 05:42:59.000000+00:00 => Created New Coupon for cart:LB_4909


2015-05-19 05:43:00.000000+00:00 => Rendered session user with his LB Points


2015-05-19 05:43:00.000000+00:00 => Rendered redeem point form


2015-05-19 05:43:25.000000+00:00 => Rendered session user with his LB Points


2015-05-19 05:43:25.000000+00:00 => Rendered redeem point form


2015-05-19 05:43:36.000000+00:00 => Rendered session user with his LB Points


2015-05-19 05:43:36.000000+00:00 => Rendered redeem point form


2015-05-19 06:24:11.000000+00:00 => Rendered session user with his LB Points


2015-05-19 06:24:11.000000+00:00 => Rendered redeem point form


2015-05-19 06:24:23.000000+00:00 => LB API called : Inquiry to check Points Balance


2015-05-19 06:24:24.000000+00:00 => Created New Coupon for redeem LB Points:R_24_1432016663


2015-05-19 06:24:26.000000+00:00 => Rendered session user with his LB Points


2015-05-19 06:24:26.000000+00:00 => Rendered redeem point form


2015-05-19 06:24:48.000000+00:00 => Rendered session user with his LB Points


2015-05-19 06:24:48.000000+00:00 => Rendered redeem point form


2015-05-19 06:24:58.000000+00:00 => CALLED STATE API: Status-A Message-Created a new basket


2015-05-19 06:25:04.000000+00:00 => Order process after checkout started order id: 370


2015-05-19 06:25:04.000000+00:00 => Order processed started


2015-05-19 06:25:10.000000+00:00 => LB API called sendCartFinal(commited): RequestLineItemRedemption


2015-05-19 06:25:10.000000+00:00 => LB API called : got Discount 24.044%


2015-05-19 06:25:21.000000+00:00 => LB API called sendCartFinal(commited): RequestLineItemRedemption


2015-05-19 06:25:27.000000+00:00 => LB API called : UpdateSale


2015-05-19 06:25:27.000000+00:00 => LB API called : redeem points 24


2015-05-19 06:25:31.000000+00:00 => LB API called issuePoints: UpdateSale


2015-05-19 06:25:31.000000+00:00 => Issued Gift Issued 24.044.


2015-05-19 06:25:31.000000+00:00 => Earn loyalty points 2.404.


2015-05-19 06:25:31.000000+00:00 => CALLED STATE API: Status-A Message-Basket updated


2015-05-19 06:25:31.000000+00:00 => End of order processed


2015-05-19 06:28:54.000000+00:00 => LB API called : RequestLineItemRedemption


2015-05-19 06:28:54.000000+00:00 => LB API called : got Discount12.999%


2015-05-19 06:28:54.000000+00:00 => Created New Coupon for cart:LB_9729


2015-05-19 06:28:54.000000+00:00 => Rendered session user with his LB Points


2015-05-19 06:28:54.000000+00:00 => Rendered redeem point form


2015-05-19 06:29:40.000000+00:00 => LB API called : Inquiry to check Points Balance


2015-05-19 06:29:40.000000+00:00 => Created New Coupon for redeem LB Points:R_5_1432016980


2015-05-19 06:29:42.000000+00:00 => Rendered session user with his LB Points


2015-05-19 06:29:42.000000+00:00 => Rendered redeem point form


2015-05-19 06:29:58.000000+00:00 => LB API called : Inquiry to check Points Balance


2015-05-19 06:29:58.000000+00:00 => Created New Coupon for redeem LB Points:R_10_1432016998


2015-05-19 06:30:00.000000+00:00 => Rendered session user with his LB Points


2015-05-19 06:30:00.000000+00:00 => Rendered redeem point form


2015-05-19 06:30:13.000000+00:00 => LB API called : Inquiry to check Points Balance


2015-05-19 06:30:13.000000+00:00 => Created New Coupon for redeem LB Points:R_6_1432017013


2015-05-19 06:30:15.000000+00:00 => Rendered session user with his LB Points


2015-05-19 06:30:15.000000+00:00 => Rendered redeem point form


2015-05-19 06:58:49.000000+00:00 => Rendered session user with his LB Points


2015-05-19 06:58:49.000000+00:00 => Rendered redeem point form


2015-05-19 06:59:44.000000+00:00 => Rendered session user with his LB Points


2015-05-19 06:59:44.000000+00:00 => Rendered redeem point form


2015-05-19 06:59:54.000000+00:00 => Rendered session user with his LB Points


2015-05-19 06:59:54.000000+00:00 => Rendered redeem point form


2015-05-19 07:00:12.000000+00:00 => Rendered session user with his LB Points


2015-05-19 07:00:12.000000+00:00 => Rendered redeem point form


2015-05-19 07:16:34.000000+00:00 => Rendered session user with his LB Points


2015-05-19 07:16:34.000000+00:00 => Rendered redeem point form


2015-05-19 07:16:45.000000+00:00 => CALLED STATE API: Status-A Message-Created a new basket


2015-05-19 07:16:49.000000+00:00 => Order process after checkout started order id: 375


2015-05-19 07:18:00.000000+00:00 => Order process after checkout started order id: 375


2015-05-19 07:18:14.000000+00:00 => Order process after checkout started order id: 375


2015-05-19 07:19:49.000000+00:00 => Order process after checkout started order id: 375


2015-05-19 07:20:56.000000+00:00 => Order process after checkout started order id: 375


2015-05-19 07:22:43.000000+00:00 => Order process after checkout started order id: 375


2015-05-19 07:28:00.000000+00:00 => Order process after checkout started order id: 375


2015-05-19 07:28:00.000000+00:00 => Order processed started


2015-05-19 07:28:05.000000+00:00 => LB API called sendCartFinal(commited): RequestLineItemRedemption


2015-05-19 07:28:05.000000+00:00 => LB API called : got Discount 12.999%


2015-05-19 07:28:09.000000+00:00 => LB API called sendCartFinal(commited): RequestLineItemRedemption


2015-05-19 07:28:14.000000+00:00 => LB API called : UpdateSale


2015-05-19 07:28:14.000000+00:00 => LB API called : redeem points 5


2015-05-19 07:28:18.000000+00:00 => LB API called issuePoints: UpdateSale


2015-05-19 07:28:18.000000+00:00 => Issued Gift Issued 12.999.


2015-05-19 07:28:18.000000+00:00 => Earn loyalty points 1.3.


2015-05-19 07:28:19.000000+00:00 => CALLED STATE API: Status-A Message-Basket updated


2015-05-19 07:28:19.000000+00:00 => End of order processed


2015-05-19 07:29:49.000000+00:00 => LB API called : RequestLineItemRedemption


2015-05-19 07:29:49.000000+00:00 => LB API called : got Discount12.999%


2015-05-19 07:29:49.000000+00:00 => Created New Coupon for cart:LB_9702


2015-05-19 07:29:49.000000+00:00 => Rendered session user with his LB Points


2015-05-19 07:29:49.000000+00:00 => Rendered redeem point form


2015-05-19 08:15:47.000000+00:00 => Rendered session user with his LB Points


2015-05-19 08:15:47.000000+00:00 => Rendered redeem point form


2015-05-19 08:18:25.000000+00:00 => Rendered session user with his LB Points


2015-05-19 08:18:25.000000+00:00 => Rendered redeem point form


2015-05-19 08:59:27.000000+00:00 => LB API called : RequestLineItemRedemption


2015-05-19 08:59:27.000000+00:00 => LB API called : got Discount25.998%


2015-05-19 08:59:27.000000+00:00 => Updated Coupon for cart:LB_9702


2015-05-19 08:59:27.000000+00:00 => Rendered session user with his LB Points


2015-05-19 08:59:27.000000+00:00 => Rendered redeem point form


2015-05-19 08:59:36.000000+00:00 => Rendered Connect with Loyalty Box button


2015-05-21 09:02:23.000000+00:00 => LB API called : RequestLineItemRedemption


2015-05-21 09:02:23.000000+00:00 => LB API called : got Discount139.8%


2015-05-21 09:02:23.000000+00:00 => Created New Coupon for cart:LB_5731


2015-05-21 09:02:23.000000+00:00 => Rendered session user with his LB Points


2015-05-21 09:02:23.000000+00:00 => Rendered redeem point form


2015-05-21 09:05:24.000000+00:00 => LB API called : RequestLineItemRedemption


2015-05-21 09:05:24.000000+00:00 => LB API called : got Discount139.8%


2015-05-21 09:05:24.000000+00:00 => Updated Coupon for cart:LB_5731


2015-05-21 09:05:24.000000+00:00 => Rendered session user with his LB Points


2015-05-21 09:05:24.000000+00:00 => Rendered redeem point form


2015-05-21 10:25:54.000000+00:00 => LB API called : Inquiry to check Points Balance


2015-05-21 10:25:54.000000+00:00 => Created New Coupon for redeem LB Points:R_5_1432203954


2015-05-21 10:26:00.000000+00:00 => LB API called : RequestLineItemRedemption


2015-05-21 10:26:00.000000+00:00 => LB API called : got Discount139.8%


2015-05-21 10:26:00.000000+00:00 => Updated Coupon for cart:LB_5731


2015-05-21 10:26:00.000000+00:00 => Rendered session user with his LB Points


2015-05-21 10:26:00.000000+00:00 => Rendered redeem point form


2015-05-21 10:26:22.000000+00:00 => Rendered session user with his LB Points


2015-05-21 10:26:22.000000+00:00 => Rendered redeem point form


2015-05-21 10:26:56.000000+00:00 => Rendered session user with his LB Points


2015-05-21 10:26:56.000000+00:00 => Rendered redeem point form


2015-05-21 10:27:13.000000+00:00 => LB API called : Inquiry to check Points Balance


2015-05-21 10:27:13.000000+00:00 => Created New Coupon for redeem LB Points:R_10_1432204033


2015-05-21 10:27:16.000000+00:00 => Rendered session user with his LB Points


2015-05-21 10:27:16.000000+00:00 => Rendered redeem point form


2015-05-27 12:03:29.000000+00:00 => Rendered Connect with Loyalty Box button


2015-05-27 12:03:49.000000+00:00 => LB API called : RequestLineItemRedemption


2015-05-27 12:03:49.000000+00:00 => LB API called : got Discount139.8%


2015-05-27 12:03:49.000000+00:00 => Created New Coupon for cart:LB_5727


2015-05-27 12:03:49.000000+00:00 => Rendered session user with his LB Points


2015-05-27 12:03:49.000000+00:00 => Rendered redeem point form


2015-05-27 12:04:10.000000+00:00 => LB API called : Inquiry to check Points Balance


2015-05-27 12:04:10.000000+00:00 => Created New Coupon for redeem LB Points:R_30_1432728250


2015-05-27 12:04:12.000000+00:00 => Rendered session user with his LB Points


2015-05-27 12:04:12.000000+00:00 => Rendered redeem point form


2015-05-27 12:04:17.000000+00:00 => Rendered session user with his LB Points


2015-05-27 12:04:17.000000+00:00 => Rendered redeem point form


2015-05-27 12:05:17.000000+00:00 => CALLED STATE API: Status-A Message-Created a new basket


2015-05-27 12:05:29.000000+00:00 => CALLED STATE API: Status-A Message-Basket updated


2015-05-27 12:05:34.000000+00:00 => Order process after checkout started order id: 383


2015-05-27 12:06:24.000000+00:00 => Order process after checkout started order id: 383


2015-05-27 12:06:55.000000+00:00 => Order process after checkout started order id: 383


2015-05-27 12:09:22.000000+00:00 => Order process after checkout started order id: 383


2015-05-27 12:09:22.000000+00:00 => Order processed started


2015-05-27 12:09:26.000000+00:00 => LB API called sendCartFinal(commited): RequestLineItemRedemption


2015-05-27 12:09:26.000000+00:00 => LB API called : got Discount 139.8%


2015-05-27 12:09:30.000000+00:00 => LB API called sendCartFinal(commited): RequestLineItemRedemption


2015-05-27 12:09:34.000000+00:00 => LB API called : UpdateSale


2015-05-27 12:09:34.000000+00:00 => LB API called : redeem points 30


2015-05-27 12:09:38.000000+00:00 => LB API called issuePoints: UpdateSale


2015-05-27 12:09:38.000000+00:00 => Issued Gift Issued .


2015-05-27 12:09:38.000000+00:00 => Earn loyalty points 65.919.


2015-05-27 12:09:38.000000+00:00 => CALLED STATE API: Status-A Message-Basket updated


2015-05-27 12:09:38.000000+00:00 => End of order processed
